/*C12*/SET SCHEMA PUBLIC
drop table user_creation if exists
drop sequence hibernate_sequence if exists
create sequence hibernate_sequence start with 1 increment by 1
create table user_creation (account_number bigint not null, first_name varchar(255), last_name varchar(255), primary key (account_number))
drop table user_creation if exists
drop sequence hibernate_sequence if exists
DISCONNECT
/*C13*/SET SCHEMA PUBLIC
DISCONNECT
/*C14*/SET SCHEMA PUBLIC
DISCONNECT
/*C15*/SET SCHEMA PUBLIC
DISCONNECT
/*C16*/SET SCHEMA PUBLIC
DISCONNECT
/*C17*/SET SCHEMA PUBLIC
DISCONNECT
/*C18*/SET SCHEMA PUBLIC
DISCONNECT
/*C19*/SET SCHEMA PUBLIC
DISCONNECT
/*C20*/SET SCHEMA PUBLIC
DISCONNECT
/*C21*/SET SCHEMA PUBLIC
DISCONNECT
